C:\USERS\BJERK_000\DROPBOX\BJARKI\HASKOLINN I REYKJAVIK\2013-2014\VORöNN 2014\T-637-GEDE\GEDE2014\LAB2\DEBUG\MAIN.OBJ
C:\USERS\BJERK_000\DROPBOX\BJARKI\HASKOLINN I REYKJAVIK\2013-2014\VORöNN 2014\T-637-GEDE\GEDE2014\LAB2\DEBUG\MYAPPLICATION.OBJ
C:\USERS\BJERK_000\DROPBOX\BJARKI\HASKOLINN I REYKJAVIK\2013-2014\VORöNN 2014\T-637-GEDE\GEDE2014\LAB2\DEBUG\MYFRAMELISTENER.OBJ
C:\USERS\BJERK_000\DROPBOX\BJARKI\HASKOLINN I REYKJAVIK\2013-2014\VORÖNN 2014\T-637-GEDE\GEDE2014\LAB2\DEBUG\VC110.PDB
C:\USERS\BJERK_000\DROPBOX\BJARKI\HASKOLINN I REYKJAVIK\2013-2014\VORöNN 2014\T-637-GEDE\GEDE2014\DEBUG\LAB2\LAB2.ILK
C:\USERS\BJERK_000\DROPBOX\BJARKI\HASKOLINN I REYKJAVIK\2013-2014\VORöNN 2014\T-637-GEDE\GEDE2014\DEBUG\LAB2\LAB2.EXE
C:\USERS\BJERK_000\DROPBOX\BJARKI\HASKOLINN I REYKJAVIK\2013-2014\VORÖNN 2014\T-637-GEDE\GEDE2014\DEBUG\LAB2\LAB2.PDB
C:\Users\bjerk_000\Dropbox\Bjarki\Haskolinn i Reykjavik\2013-2014\Vorönn 2014\T-637-GEDE\GEDE2014\Lab2\Debug\Main.obj
C:\Users\bjerk_000\Dropbox\Bjarki\Haskolinn i Reykjavik\2013-2014\Vorönn 2014\T-637-GEDE\GEDE2014\Lab2\Debug\MyApplication.obj
C:\Users\bjerk_000\Dropbox\Bjarki\Haskolinn i Reykjavik\2013-2014\Vorönn 2014\T-637-GEDE\GEDE2014\Lab2\Debug\MyFrameListener.obj
C:\Users\bjerk_000\Dropbox\Bjarki\Haskolinn i Reykjavik\2013-2014\Vorönn 2014\T-637-GEDE\GEDE2014\Lab2\Debug\cl.command.1.tlog
C:\Users\bjerk_000\Dropbox\Bjarki\Haskolinn i Reykjavik\2013-2014\Vorönn 2014\T-637-GEDE\GEDE2014\Lab2\Debug\CL.read.1.tlog
C:\Users\bjerk_000\Dropbox\Bjarki\Haskolinn i Reykjavik\2013-2014\Vorönn 2014\T-637-GEDE\GEDE2014\Lab2\Debug\CL.write.1.tlog
C:\Users\bjerk_000\Dropbox\Bjarki\Haskolinn i Reykjavik\2013-2014\Vorönn 2014\T-637-GEDE\GEDE2014\Lab2\Debug\link-cvtres.read.1.tlog
C:\Users\bjerk_000\Dropbox\Bjarki\Haskolinn i Reykjavik\2013-2014\Vorönn 2014\T-637-GEDE\GEDE2014\Lab2\Debug\link-cvtres.write.1.tlog
C:\Users\bjerk_000\Dropbox\Bjarki\Haskolinn i Reykjavik\2013-2014\Vorönn 2014\T-637-GEDE\GEDE2014\Lab2\Debug\link-rc.read.1.tlog
C:\Users\bjerk_000\Dropbox\Bjarki\Haskolinn i Reykjavik\2013-2014\Vorönn 2014\T-637-GEDE\GEDE2014\Lab2\Debug\link-rc.write.1.tlog
C:\Users\bjerk_000\Dropbox\Bjarki\Haskolinn i Reykjavik\2013-2014\Vorönn 2014\T-637-GEDE\GEDE2014\Lab2\Debug\link.command.1.tlog
C:\Users\bjerk_000\Dropbox\Bjarki\Haskolinn i Reykjavik\2013-2014\Vorönn 2014\T-637-GEDE\GEDE2014\Lab2\Debug\link.read.1.tlog
C:\Users\bjerk_000\Dropbox\Bjarki\Haskolinn i Reykjavik\2013-2014\Vorönn 2014\T-637-GEDE\GEDE2014\Lab2\Debug\link.write.1.tlog
C:\Users\bjerk_000\Dropbox\Bjarki\Haskolinn i Reykjavik\2013-2014\Vorönn 2014\T-637-GEDE\GEDE2014\Lab2\Debug\vc110.idb
C:\Users\bjerk_000\Dropbox\Bjarki\Haskolinn i Reykjavik\2013-2014\Vorönn 2014\T-637-GEDE\GEDE2014\Lab2\Debug\vc110.pdb
C:\Users\bjerk_000\Dropbox\Bjarki\Haskolinn i Reykjavik\2013-2014\Vorönn 2014\T-637-GEDE\GEDE2014\Debug\Lab2\Lab2.pdb
C:\Users\bjerk_000\Dropbox\Bjarki\Haskolinn i Reykjavik\2013-2014\Vorönn 2014\T-637-GEDE\GEDE2014\Debug\Lab2\Lab2.exe
C:\Users\bjerk_000\Dropbox\Bjarki\Haskolinn i Reykjavik\2013-2014\Vorönn 2014\T-637-GEDE\GEDE2014\Debug\Lab2\Lab2.ilk
